<?xml version="1.0" encoding="UTF-8" ?>
<testsuite tests="6" failures="0" name="dmb.flooring.dao.FlooringDaoStubImplTest" time="0.017" errors="0" skipped="0">
  <properties>
[...]
</properties>
  <testcase classname="dmb.flooring.dao.FlooringDaoStubImplTest" name="testLoadOrderData" time="0.004"/>
  <testcase classname="dmb.flooring.dao.FlooringDaoStubImplTest" name="testRemoveOrder" time="0.003"/>
  <testcase classname="dmb.flooring.dao.FlooringDaoStubImplTest" name="testGetOrderByDate" time="0.005"/>
  <testcase classname="dmb.flooring.dao.FlooringDaoStubImplTest" name="testAddGetOrder" time="0.004"/>
  <testcase classname="dmb.flooring.dao.FlooringDaoStubImplTest" name="testGetAllOrders" time="0.001"/>
  <testcase classname="dmb.flooring.dao.FlooringDaoStubImplTest" name="testWriteOrderData" time="0"/>
</testsuite>